<?xml version="1.0" encoding="UTF-8"?>
<testng-results ignored="0" total="4" passed="4" failed="0" skipped="0">
  <reporter-output>
  </reporter-output>
  <suite started-at="2024-11-19T22:53:09 IST" name="Default suite" finished-at="2024-11-19T22:53:28 IST" duration-ms="18960">
    <groups>
      <group name="cucumber">
        <method signature="AbstractTestNGCucumberTests.runScenario(io.cucumber.testng.PickleWrapper,io.cucumber.testng.FeatureWrapper)[pri:0, instance:Runner.RunnerPage@710f4dc7]" name="runScenario" class="io.cucumber.testng.AbstractTestNGCucumberTests"/>
      </group> <!-- cucumber -->
    </groups>
    <test started-at="2024-11-19T22:53:09 IST" name="Default test" finished-at="2024-11-19T22:53:28 IST" duration-ms="18960">
      <class name="Runner.RunnerPage">
        <test-method is-config="true" signature="setUpClass(org.testng.ITestContext)[pri:0, instance:Runner.RunnerPage@710f4dc7]" started-at="2024-11-19T22:53:09 IST" name="setUpClass" finished-at="2024-11-19T22:53:11 IST" duration-ms="1534" status="PASS">
          <params>
            <param index="0">
              <value>
                <![CDATA[org.testng.TestRunner@1a950fdd]]>
              </value>
            </param>
          </params>
          <reporter-output>
          </reporter-output>
        </test-method> <!-- setUpClass -->
        <test-method signature="runScenario(io.cucumber.testng.PickleWrapper,io.cucumber.testng.FeatureWrapper)[pri:0, instance:Runner.RunnerPage@710f4dc7]" started-at="2024-11-19T22:53:11 IST" name="runScenario" description="Runs Cucumber Scenarios" data-provider="scenarios" finished-at="2024-11-19T22:53:19 IST" duration-ms="8488" status="PASS">
          <params>
            <param index="0">
              <value>
                <![CDATA["Create new Article"]]>
              </value>
            </param>
            <param index="1">
              <value>
                <![CDATA["Conduit CRUD operations"]]>
              </value>
            </param>
          </params>
          <reporter-output>
          </reporter-output>
        </test-method> <!-- runScenario -->
        <test-method signature="runScenario(io.cucumber.testng.PickleWrapper,io.cucumber.testng.FeatureWrapper)[pri:0, instance:Runner.RunnerPage@710f4dc7]" started-at="2024-11-19T22:53:19 IST" name="runScenario" description="Runs Cucumber Scenarios" data-provider="scenarios" finished-at="2024-11-19T22:53:21 IST" duration-ms="2012" status="PASS">
          <params>
            <param index="0">
              <value>
                <![CDATA["View Article"]]>
              </value>
            </param>
            <param index="1">
              <value>
                <![CDATA["Conduit CRUD operations"]]>
              </value>
            </param>
          </params>
          <reporter-output>
          </reporter-output>
        </test-method> <!-- runScenario -->
        <test-method signature="runScenario(io.cucumber.testng.PickleWrapper,io.cucumber.testng.FeatureWrapper)[pri:0, instance:Runner.RunnerPage@710f4dc7]" started-at="2024-11-19T22:53:21 IST" name="runScenario" description="Runs Cucumber Scenarios" data-provider="scenarios" finished-at="2024-11-19T22:53:25 IST" duration-ms="3287" status="PASS">
          <params>
            <param index="0">
              <value>
                <![CDATA["Update an Article"]]>
              </value>
            </param>
            <param index="1">
              <value>
                <![CDATA["Conduit CRUD operations"]]>
              </value>
            </param>
          </params>
          <reporter-output>
          </reporter-output>
        </test-method> <!-- runScenario -->
        <test-method signature="runScenario(io.cucumber.testng.PickleWrapper,io.cucumber.testng.FeatureWrapper)[pri:0, instance:Runner.RunnerPage@710f4dc7]" started-at="2024-11-19T22:53:25 IST" name="runScenario" description="Runs Cucumber Scenarios" data-provider="scenarios" finished-at="2024-11-19T22:53:27 IST" duration-ms="2342" status="PASS">
          <params>
            <param index="0">
              <value>
                <![CDATA["Delete an Article"]]>
              </value>
            </param>
            <param index="1">
              <value>
                <![CDATA["Conduit CRUD operations"]]>
              </value>
            </param>
          </params>
          <reporter-output>
          </reporter-output>
        </test-method> <!-- runScenario -->
        <test-method is-config="true" signature="tearDownClass()[pri:0, instance:Runner.RunnerPage@710f4dc7]" started-at="2024-11-19T22:53:27 IST" name="tearDownClass" finished-at="2024-11-19T22:53:28 IST" duration-ms="1174" status="PASS">
          <reporter-output>
          </reporter-output>
        </test-method> <!-- tearDownClass -->
      </class> <!-- Runner.RunnerPage -->
    </test> <!-- Default test -->
  </suite> <!-- Default suite -->
</testng-results>
